Starting one-time vectorization of all profiles...
Failed to update embedding for user 1: error: syntax error at or near "$2"
    at file:///home/runner/workspace/node_modules/@neondatabase/serverless/index.mjs:1345:74
    at process.processTicksAndRejections (node:internal/process/task_queues:95:5)
    at async vectorizeAllProfiles (/home/runner/workspace/server/services/embeddings.ts:43:7) {
  length: 91,
  severity: 'ERROR',
  code: '42601',
  detail: undefined,
  hint: undefined,
  position: '67',
  internalPosition: undefined,
  internalQuery: undefined,
  where: undefined,
  schema: undefined,
  table: undefined,
  column: undefined,
  dataType: undefined,
  constraint: undefined,
  file: 'scan.l',
  line: '1244',
  routine: 'scanner_yyerror'
}
Failed to update embedding for user 2: error: syntax error at or near "$2"
    at file:///home/runner/workspace/node_modules/@neondatabase/serverless/index.mjs:1345:74
    at process.processTicksAndRejections (node:internal/process/task_queues:95:5)
    at async vectorizeAllProfiles (/home/runner/workspace/server/services/embeddings.ts:43:7) {
  length: 91,
  severity: 'ERROR',
  code: '42601',
  detail: undefined,
  hint: undefined,
  position: '67',
  internalPosition: undefined,
  internalQuery: undefined,
  where: undefined,
  schema: undefined,
  table: undefined,
  column: undefined,
  dataType: undefined,
  constraint: undefined,
  file: 'scan.l',
  line: '1244',
  routine: 'scanner_yyerror'
}
Failed to update embedding for user 3: error: syntax error at or near "$2"
    at file:///home/runner/workspace/node_modules/@neondatabase/serverless/index.mjs:1345:74
    at process.processTicksAndRejections (node:internal/process/task_queues:95:5)
    at async vectorizeAllProfiles (/home/runner/workspace/server/services/embeddings.ts:43:7) {
  length: 91,
  severity: 'ERROR',
  code: '42601',
  detail: undefined,
  hint: undefined,
  position: '67',
  internalPosition: undefined,
  internalQuery: undefined,
  where: undefined,
  schema: undefined,
  table: undefined,
  column: undefined,
  dataType: undefined,
  constraint: undefined,
  file: 'scan.l',
  line: '1244',
  routine: 'scanner_yyerror'
}
Failed to update embedding for user 4: error: syntax error at or near "$2"
    at file:///home/runner/workspace/node_modules/@neondatabase/serverless/index.mjs:1345:74
    at process.processTicksAndRejections (node:internal/process/task_queues:95:5)
    at async vectorizeAllProfiles (/home/runner/workspace/server/services/embeddings.ts:43:7) {
  length: 91,
  severity: 'ERROR',
  code: '42601',
  detail: undefined,
  hint: undefined,
  position: '67',
  internalPosition: undefined,
  internalQuery: undefined,
  where: undefined,
  schema: undefined,
  table: undefined,
  column: undefined,
  dataType: undefined,
  constraint: undefined,
  file: 'scan.l',
  line: '1244',
  routine: 'scanner_yyerror'
}
Failed to update embedding for user 5: error: syntax error at or near "$2"
    at file:///home/runner/workspace/node_modules/@neondatabase/serverless/index.mjs:1345:74
    at process.processTicksAndRejections (node:internal/process/task_queues:95:5)
    at async vectorizeAllProfiles (/home/runner/workspace/server/services/embeddings.ts:43:7) {
  length: 91,
  severity: 'ERROR',
  code: '42601',
  detail: undefined,
  hint: undefined,
  position: '67',
  internalPosition: undefined,
  internalQuery: undefined,
  where: undefined,
  schema: undefined,
  table: undefined,
  column: undefined,
  dataType: undefined,
  constraint: undefined,
  file: 'scan.l',
  line: '1244',
  routine: 'scanner_yyerror'
}
Failed to update embedding for user 6: error: syntax error at or near "$2"
    at file:///home/runner/workspace/node_modules/@neondatabase/serverless/index.mjs:1345:74
    at process.processTicksAndRejections (node:internal/process/task_queues:95:5)
    at async vectorizeAllProfiles (/home/runner/workspace/server/services/embeddings.ts:43:7) {
  length: 91,
  severity: 'ERROR',
  code: '42601',
  detail: undefined,
  hint: undefined,
  position: '67',
  internalPosition: undefined,
  internalQuery: undefined,
  where: undefined,
  schema: undefined,
  table: undefined,
  column: undefined,
  dataType: undefined,
  constraint: undefined,
  file: 'scan.l',
  line: '1244',
  routine: 'scanner_yyerror'
}
Failed to update embedding for user 7: error: syntax error at or near "$2"
    at file:///home/runner/workspace/node_modules/@neondatabase/serverless/index.mjs:1345:74
    at process.processTicksAndRejections (node:internal/process/task_queues:95:5)
    at async vectorizeAllProfiles (/home/runner/workspace/server/services/embeddings.ts:43:7) {
  length: 91,
  severity: 'ERROR',
  code: '42601',
  detail: undefined,
  hint: undefined,
  position: '67',
  internalPosition: undefined,
  internalQuery: undefined,
  where: undefined,
  schema: undefined,
  table: undefined,
  column: undefined,
  dataType: undefined,
  constraint: undefined,
  file: 'scan.l',
  line: '1244',
  routine: 'scanner_yyerror'
}
Failed to update embedding for user 8: error: syntax error at or near "$2"
    at file:///home/runner/workspace/node_modules/@neondatabase/serverless/index.mjs:1345:74
    at process.processTicksAndRejections (node:internal/process/task_queues:95:5)
    at async vectorizeAllProfiles (/home/runner/workspace/server/services/embeddings.ts:43:7) {
  length: 91,
  severity: 'ERROR',
  code: '42601',
  detail: undefined,
  hint: undefined,
  position: '67',
  internalPosition: undefined,
  internalQuery: undefined,
  where: undefined,
  schema: undefined,
  table: undefined,
  column: undefined,
  dataType: undefined,
  constraint: undefined,
  file: 'scan.l',
  line: '1244',
  routine: 'scanner_yyerror'
}
Failed to update embedding for user 9: error: syntax error at or near "$2"
    at file:///home/runner/workspace/node_modules/@neondatabase/serverless/index.mjs:1345:74
    at process.processTicksAndRejections (node:internal/process/task_queues:95:5)
    at async vectorizeAllProfiles (/home/runner/workspace/server/services/embeddings.ts:43:7) {
  length: 91,
  severity: 'ERROR',
  code: '42601',
  detail: undefined,
  hint: undefined,
  position: '67',
  internalPosition: undefined,
  internalQuery: undefined,
  where: undefined,
  schema: undefined,
  table: undefined,
  column: undefined,
  dataType: undefined,
  constraint: undefined,
  file: 'scan.l',
  line: '1244',
  routine: 'scanner_yyerror'
}
Failed to update embedding for user 10: error: syntax error at or near "$2"
    at file:///home/runner/workspace/node_modules/@neondatabase/serverless/index.mjs:1345:74
    at process.processTicksAndRejections (node:internal/process/task_queues:95:5)
    at async vectorizeAllProfiles (/home/runner/workspace/server/services/embeddings.ts:43:7) {
  length: 91,
  severity: 'ERROR',
  code: '42601',
  detail: undefined,
  hint: undefined,
  position: '67',
  internalPosition: undefined,
  internalQuery: undefined,
  where: undefined,
  schema: undefined,
  table: undefined,
  column: undefined,
  dataType: undefined,
  constraint: undefined,
  file: 'scan.l',
  line: '1244',
  routine: 'scanner_yyerror'
}
Failed to update embedding for user 11: error: syntax error at or near "$2"
    at file:///home/runner/workspace/node_modules/@neondatabase/serverless/index.mjs:1345:74
    at process.processTicksAndRejections (node:internal/process/task_queues:95:5)
    at async vectorizeAllProfiles (/home/runner/workspace/server/services/embeddings.ts:43:7) {
  length: 91,
  severity: 'ERROR',
  code: '42601',
  detail: undefined,
  hint: undefined,
  position: '67',
  internalPosition: undefined,
  internalQuery: undefined,
  where: undefined,
  schema: undefined,
  table: undefined,
  column: undefined,
  dataType: undefined,
  constraint: undefined,
  file: 'scan.l',
  line: '1244',
  routine: 'scanner_yyerror'
}
Failed to update embedding for user 12: error: syntax error at or near "$2"
    at file:///home/runner/workspace/node_modules/@neondatabase/serverless/index.mjs:1345:74
    at process.processTicksAndRejections (node:internal/process/task_queues:95:5)
    at async vectorizeAllProfiles (/home/runner/workspace/server/services/embeddings.ts:43:7) {
  length: 91,
  severity: 'ERROR',
  code: '42601',
  detail: undefined,
  hint: undefined,
  position: '67',
  internalPosition: undefined,
  internalQuery: undefined,
  where: undefined,
  schema: undefined,
  table: undefined,
  column: undefined,
  dataType: undefined,
  constraint: undefined,
  file: 'scan.l',
  line: '1244',
  routine: 'scanner_yyerror'
}
Failed to update embedding for user 13: error: syntax error at or near "$2"
    at file:///home/runner/workspace/node_modules/@neondatabase/serverless/index.mjs:1345:74
    at process.processTicksAndRejections (node:internal/process/task_queues:95:5)
    at async vectorizeAllProfiles (/home/runner/workspace/server/services/embeddings.ts:43:7) {
  length: 91,
  severity: 'ERROR',
  code: '42601',
  detail: undefined,
  hint: undefined,
  position: '67',
  internalPosition: undefined,
  internalQuery: undefined,
  where: undefined,
  schema: undefined,
  table: undefined,
  column: undefined,
  dataType: undefined,
  constraint: undefined,
  file: 'scan.l',
  line: '1244',
  routine: 'scanner_yyerror'
}
Failed to update embedding for user 14: error: syntax error at or near "$2"
    at file:///home/runner/workspace/node_modules/@neondatabase/serverless/index.mjs:1345:74
    at process.processTicksAndRejections (node:internal/process/task_queues:95:5)
    at async vectorizeAllProfiles (/home/runner/workspace/server/services/embeddings.ts:43:7) {
  length: 91,
  severity: 'ERROR',
  code: '42601',
  detail: undefined,
  hint: undefined,
  position: '67',
  internalPosition: undefined,
  internalQuery: undefined,
  where: undefined,
  schema: undefined,
  table: undefined,
  column: undefined,
  dataType: undefined,
  constraint: undefined,
  file: 'scan.l',
  line: '1244',
  routine: 'scanner_yyerror'
}
Failed to update embedding for user 15: error: syntax error at or near "$2"
    at file:///home/runner/workspace/node_modules/@neondatabase/serverless/index.mjs:1345:74
    at process.processTicksAndRejections (node:internal/process/task_queues:95:5)
    at async vectorizeAllProfiles (/home/runner/workspace/server/services/embeddings.ts:43:7) {
  length: 91,
  severity: 'ERROR',
  code: '42601',
  detail: undefined,
  hint: undefined,
  position: '67',
  internalPosition: undefined,
  internalQuery: undefined,
  where: undefined,
  schema: undefined,
  table: undefined,
  column: undefined,
  dataType: undefined,
  constraint: undefined,
  file: 'scan.l',
  line: '1244',
  routine: 'scanner_yyerror'
}
Failed to update embedding for user 16: error: syntax error at or near "$2"
    at file:///home/runner/workspace/node_modules/@neondatabase/serverless/index.mjs:1345:74
    at process.processTicksAndRejections (node:internal/process/task_queues:95:5)
    at async vectorizeAllProfiles (/home/runner/workspace/server/services/embeddings.ts:43:7) {
  length: 91,
  severity: 'ERROR',
  code: '42601',
  detail: undefined,
  hint: undefined,
  position: '67',
  internalPosition: undefined,
  internalQuery: undefined,
  where: undefined,
  schema: undefined,
  table: undefined,
  column: undefined,
  dataType: undefined,
  constraint: undefined,
  file: 'scan.l',
  line: '1244',
  routine: 'scanner_yyerror'
}
Vectorization complete!
